{"error": "", "traceback": "Traceback (most recent call last):\n  File \"run_regression_tests.py\", line 66, in optimize_random_skater\n    best_r, best_val, info = optimal_r(f=f, y=brownian_with_exogenous(n=n), k=k,a=None,t=None, e=None,\n  File \"/opt/hostedtoolcache/Python/3.8.7/x64/lib/python3.8/site-packages/timemachines/skaters/optimization.py\", line 38, in optimal_r\n    best_val, best_rn, feval_count = optimizer(objective, n_trials=n_trials, n_dim=n_dim, with_count=True)\n  File \"/opt/hostedtoolcache/Python/3.8.7/x64/lib/python3.8/site-packages/timemachines/optimizers/skoptcube.py\", line 59, in skopt_gp_default_cube\n    return skopt_gp_cube_factory(objective=objective,n_trials=n_trials,n_dim=n_dim, with_count=with_count,\n  File \"/opt/hostedtoolcache/Python/3.8.7/x64/lib/python3.8/site-packages/timemachines/optimizers/skoptcube.py\", line 50, in skopt_gp_cube_factory\n    result = gp_minimize(func=_objective,  dimensions=bounds, n_calls=n_trials, n_jobs=1, **gp_params)\n  File \"/opt/hostedtoolcache/Python/3.8.7/x64/lib/python3.8/site-packages/skopt/optimizer/gp.py\", line 259, in gp_minimize\n    return base_minimize(\n  File \"/opt/hostedtoolcache/Python/3.8.7/x64/lib/python3.8/site-packages/skopt/optimizer/base.py\", line 301, in base_minimize\n    next_y = func(next_x)\n  File \"/opt/hostedtoolcache/Python/3.8.7/x64/lib/python3.8/site-packages/timemachines/optimizers/skoptcube.py\", line 47, in _objective\n    return objective(list(x))\n  File \"/opt/hostedtoolcache/Python/3.8.7/x64/lib/python3.8/site-packages/timemachines/skaters/optimization.py\", line 30, in objective\n    return evaluator(f=f, y=y, k=k, a=a, t=t, e=r, r=r, n_burn=n_burn)\n  File \"/opt/hostedtoolcache/Python/3.8.7/x64/lib/python3.8/site-packages/timemachines/skaters/evaluation.py\", line 30, in evaluate_mean_squared_error\n    return evaluate_sklearn_metric(f=f, y=y, k=k, a=a, t=t, e=e, r=r, metric=mean_squared_error, n_burn=n_burn)\n  File \"/opt/hostedtoolcache/Python/3.8.7/x64/lib/python3.8/site-packages/timemachines/skaters/evaluation.py\", line 22, in evaluate_sklearn_metric\n    x, x_std = prior(f=f, y=y, k=k, a=a, t=t, r=r, e=e )\n  File \"/opt/hostedtoolcache/Python/3.8.7/x64/lib/python3.8/site-packages/timemachines/skaters/skating.py\", line 43, in prior\n    x_post, x_std = posterior(f=f, y=y, k=k, a=a, t=t, e=e, r=r)\n  File \"/opt/hostedtoolcache/Python/3.8.7/x64/lib/python3.8/site-packages/timemachines/skaters/skating.py\", line 24, in posterior\n    assert 0 <= r <= 1\nAssertionError\n"}