{"error": "", "traceback": "Traceback (most recent call last):\n  File \"run_regression_tests.py\", line 66, in optimize_random_skater\n    best_r, best_val, info = optimal_r(f=f, y=brownian_with_exogenous(n=n), k=k,a=None,t=None, e=None,\n  File \"/opt/hostedtoolcache/Python/3.8.7/x64/lib/python3.8/site-packages/timemachines/skaters/optimization.py\", line 38, in optimal_r\n    best_val, best_rn, feval_count = optimizer(objective, n_trials=n_trials, n_dim=n_dim, with_count=True)\n  File \"/opt/hostedtoolcache/Python/3.8.7/x64/lib/python3.8/site-packages/timemachines/optimizers/nevergradcube.py\", line 87, in nevergrad_oneplus_cube\n    return nevergrad_cube(objective=objective, n_trials=n_trials, n_dim=n_dim, with_count=with_count, method='oneplus')\n  File \"/opt/hostedtoolcache/Python/3.8.7/x64/lib/python3.8/site-packages/timemachines/optimizers/nevergradcube.py\", line 56, in nevergrad_cube\n    recommendation = optimizer.minimize( cube_objective )\n  File \"/opt/hostedtoolcache/Python/3.8.7/x64/lib/python3.8/site-packages/nevergrad/optimization/base.py\", line 594, in minimize\n    result = job.result()\n  File \"/opt/hostedtoolcache/Python/3.8.7/x64/lib/python3.8/site-packages/nevergrad/optimization/utils.py\", line 138, in result\n    self._result = self.func(*self.args, **self.kwargs)\n  File \"/opt/hostedtoolcache/Python/3.8.7/x64/lib/python3.8/site-packages/timemachines/optimizers/nevergradcube.py\", line 54, in cube_objective\n    return objective(us)\n  File \"/opt/hostedtoolcache/Python/3.8.7/x64/lib/python3.8/site-packages/timemachines/skaters/optimization.py\", line 30, in objective\n    return evaluator(f=f, y=y, k=k, a=a, t=t, e=r, r=r, n_burn=n_burn)\n  File \"/opt/hostedtoolcache/Python/3.8.7/x64/lib/python3.8/site-packages/timemachines/skaters/evaluation.py\", line 30, in evaluate_mean_squared_error\n    return evaluate_sklearn_metric(f=f, y=y, k=k, a=a, t=t, e=e, r=r, metric=mean_squared_error, n_burn=n_burn)\n  File \"/opt/hostedtoolcache/Python/3.8.7/x64/lib/python3.8/site-packages/timemachines/skaters/evaluation.py\", line 22, in evaluate_sklearn_metric\n    x, x_std = prior(f=f, y=y, k=k, a=a, t=t, r=r, e=e )\n  File \"/opt/hostedtoolcache/Python/3.8.7/x64/lib/python3.8/site-packages/timemachines/skaters/skating.py\", line 43, in prior\n    x_post, x_std = posterior(f=f, y=y, k=k, a=a, t=t, e=e, r=r)\n  File \"/opt/hostedtoolcache/Python/3.8.7/x64/lib/python3.8/site-packages/timemachines/skaters/skating.py\", line 24, in posterior\n    assert 0 <= r <= 1\nAssertionError\n"}